2020-10-31 22:41:41 [common.AttachHooks] INFO :: Inside set up method of before hook
2020-10-31 22:41:41 [common.AttachHooks] INFO :: Our browser will be invoked here
2020-10-31 22:41:43 [common.AttachHooks] INFO :: Browser Opened
2020-10-31 22:41:43 [page.LoginPage] INFO :: entering the URL
2020-10-31 22:41:46 [page.LoginPage] INFO :: URL is entered successfully
2020-10-31 22:41:46 [stepDefinition.LoginStepDef] INFO :: URL entered Successfully
2020-10-31 22:41:46 [page.DynamicPage] INFO :: Input field is disabled
2020-10-31 22:41:46 [page.DynamicPage] INFO :: Button Name is Enable
2020-10-31 22:41:46 [stepDefinition.DynamicStepDef] INFO :: Enable is clicked successfully
2020-10-31 22:41:49 [page.DynamicPage] INFO :: Success message is verified successfully for Enable
2020-10-31 22:41:49 [stepDefinition.DynamicStepDef] INFO :: Message is verified successfully
2020-10-31 22:41:49 [page.DynamicPage] INFO :: Input value is entered successfully
2020-10-31 22:41:49 [stepDefinition.DynamicStepDef] INFO :: Input is entered
2020-10-31 22:41:49 [page.DynamicPage] INFO :: Input field is enabled
2020-10-31 22:41:49 [page.DynamicPage] INFO :: Button Name is Disable
2020-10-31 22:41:49 [stepDefinition.DynamicStepDef] INFO :: Disable is clicked successfully
2020-10-31 22:41:52 [page.DynamicPage] INFO :: Success message is verified successfully for Disable
2020-10-31 22:41:52 [stepDefinition.DynamicStepDef] INFO :: Message is verified successfully
2020-10-31 22:41:52 [page.DynamicPage] INFO :: Input value is matched successfully as Test
2020-10-31 22:41:52 [stepDefinition.DynamicStepDef] INFO :: String is verified
2020-10-31 22:41:53 [common.AttachHooks] INFO :: Inside set up method of before hook
2020-10-31 22:41:53 [common.AttachHooks] INFO :: Our browser will be invoked here
2020-10-31 22:41:54 [common.AttachHooks] INFO :: Browser Opened
2020-10-31 22:41:54 [page.LoginPage] INFO :: entering the URL
2020-10-31 22:41:56 [page.LoginPage] INFO :: URL is entered successfully
2020-10-31 22:41:56 [stepDefinition.LoginStepDef] INFO :: URL entered Successfully
2020-10-31 22:41:56 [stepDefinition.ExitStepDef] INFO :: Mouse is moved
2020-10-31 22:41:57 [stepDefinition.ExitStepDef] INFO :: Close button is clicked
2020-10-31 22:41:57 [common.AttachHooks] INFO :: Inside set up method of before hook
2020-10-31 22:41:57 [common.AttachHooks] INFO :: Our browser will be invoked here
2020-10-31 22:41:58 [common.AttachHooks] INFO :: Browser Opened
2020-10-31 22:41:58 [page.LoginPage] INFO :: entering the URL
2020-10-31 22:42:01 [page.LoginPage] INFO :: URL is entered successfully
2020-10-31 22:42:01 [stepDefinition.LoginStepDef] INFO :: URL entered Successfully
2020-10-31 22:42:01 [page.LoginPage] INFO :: Login page is verified successfully
2020-10-31 22:42:01 [stepDefinition.LoginStepDef] INFO :: Login page is verified Successfully
2020-10-31 22:42:01 [page.LoginPage] INFO :: Valid User name and password are entered successfully
2020-10-31 22:42:01 [stepDefinition.LoginStepDef] INFO :: Login credentials entered
2020-10-31 22:42:01 [page.LoginPage] INFO :: Login button is clicked successfully
2020-10-31 22:42:01 [stepDefinition.LoginStepDef] INFO :: Login button is clicked
2020-10-31 22:42:02 [page.LoginPage] INFO :: Success message is verified successfully
2020-10-31 22:42:02 [stepDefinition.LoginStepDef] INFO :: Message is verified
2020-10-31 22:42:02 [page.LoginPage] INFO :: Logout button is clicked successfully
2020-10-31 22:42:02 [page.LoginPage] INFO :: Message is verified successfully
2020-10-31 22:42:02 [stepDefinition.LoginStepDef] INFO :: logout is clicked
2020-10-31 22:42:03 [common.AttachHooks] INFO :: Inside set up method of before hook
2020-10-31 22:42:03 [common.AttachHooks] INFO :: Our browser will be invoked here
2020-10-31 22:42:04 [common.AttachHooks] INFO :: Browser Opened
2020-10-31 22:42:04 [page.LoginPage] INFO :: entering the URL
2020-10-31 22:42:06 [page.LoginPage] INFO :: URL is entered successfully
2020-10-31 22:42:06 [stepDefinition.LoginStepDef] INFO :: URL entered Successfully
2020-10-31 22:42:07 [page.LoginPage] INFO :: Login page is verified successfully
2020-10-31 22:42:07 [stepDefinition.LoginStepDef] INFO :: Login page is verified Successfully
2020-10-31 22:42:07 [page.LoginPage] INFO :: Invalid User name and password are entered successfully
2020-10-31 22:42:07 [stepDefinition.LoginStepDef] INFO :: Login credentials entered
2020-10-31 22:42:07 [page.LoginPage] INFO :: Login button is clicked successfully
2020-10-31 22:42:07 [stepDefinition.LoginStepDef] INFO :: Login button is clicked
2020-10-31 22:42:07 [page.LoginPage] INFO :: Error message is verified successfully
2020-10-31 22:42:07 [stepDefinition.LoginStepDef] INFO :: Message is verified
2020-10-31 22:42:18 [page.LoginPage] INFO :: Logout button is not available because user was invalid
2020-10-31 22:42:18 [stepDefinition.LoginStepDef] INFO :: logout is clicked
2020-10-31 22:42:18 [common.AttachHooks] INFO :: Inside set up method of before hook
2020-10-31 22:42:18 [common.AttachHooks] INFO :: Our browser will be invoked here
2020-10-31 22:42:19 [common.AttachHooks] INFO :: Browser Opened
2020-10-31 22:42:19 [page.LoginPage] INFO :: entering the URL
2020-10-31 22:42:22 [page.LoginPage] INFO :: URL is entered successfully
2020-10-31 22:42:22 [stepDefinition.LoginStepDef] INFO :: URL entered Successfully
2020-10-31 22:42:22 [page.TablePage] INFO :: Table one length is 4
2020-10-31 22:42:22 [page.TablePage] INFO :: Table two length is 4
2020-10-31 22:42:22 [stepDefinition.TableStepDef] INFO :: Length is set in data bean
2020-10-31 22:42:22 [page.TablePage] INFO :: Last name is clicked successfully for table 1
2020-10-31 22:42:22 [stepDefinition.TableStepDef] INFO :: Last name is clicked
2020-10-31 22:42:22 [page.TablePage] INFO :: Table Last name are added in the list as [Bach, Conway, Doe, Smith]
2020-10-31 22:42:22 [page.TablePage] INFO :: Names are in ascending order
2020-10-31 22:42:22 [page.TablePage] INFO :: List is sorted
2020-10-31 22:42:22 [stepDefinition.TableStepDef] INFO :: Order is verified
2020-10-31 22:42:22 [page.TablePage] INFO :: First name is clicked successfully for table 2
2020-10-31 22:42:22 [stepDefinition.TableStepDef] INFO :: First name is clicked
2020-10-31 22:42:22 [page.TablePage] INFO :: Table First name are added in the list as [Smith, Bach, Doe, Conway]
2020-10-31 22:42:22 [page.TablePage] INFO :: Names are in ascending order
2020-10-31 22:42:22 [page.TablePage] INFO :: List is sorted
2020-10-31 22:42:22 [stepDefinition.TableStepDef] INFO :: Order is verified
2020-10-31 22:42:22 [common.AttachHooks] INFO :: Inside set up method of before hook
2020-10-31 22:42:22 [common.AttachHooks] INFO :: Our browser will be invoked here
2020-10-31 22:42:23 [common.AttachHooks] INFO :: Browser Opened
2020-10-31 22:42:23 [page.LoginPage] INFO :: entering the URL
2020-10-31 22:42:26 [page.LoginPage] INFO :: URL is entered successfully
2020-10-31 22:42:26 [stepDefinition.LoginStepDef] INFO :: URL entered Successfully
2020-10-31 22:42:26 [page.WindowPage] INFO :: Click here button is clicked successfully 
2020-10-31 22:42:26 [stepDefinition.WindowStepDef] INFO :: Click here button is clicked
2020-10-31 22:42:26 [page.WindowPage] INFO :: New window is verified successfully
2020-10-31 22:42:26 [stepDefinition.WindowStepDef] INFO :: New window is verified
